<?xml version="1.0" encoding="UTF-8"?>
<!-- Generated by org.testng.reporters.JUnitReportReporter -->
<testsuite hostname="UBL-LC-DINESH" failures="0" tests="6" name="api.test.DDTest" time="12.677" errors="0" timestamp="2023-08-10T20:28:42 IST" skipped="0">
  <testcase classname="api.test.DDTest" name="testPostuser" time="2.222"/>
  <testcase classname="api.test.DDTest" name="testPostuser" time="2.903"/>
  <testcase classname="api.test.DDTest" name="testPostuser" time="1.616"/>
  <testcase classname="api.test.DDTest" name="testDeleteUserByName" time="1.930"/>
  <testcase classname="api.test.DDTest" name="testDeleteUserByName" time="2.403"/>
  <testcase classname="api.test.DDTest" name="testDeleteUserByName" time="1.603"/>
</testsuite> <!-- api.test.DDTest -->
