<?xml version="1.0" encoding="UTF-8"?>
<!-- Generated by org.testng.reporters.JUnitReportReporter -->
<testsuite hostname="UBL-LC-DINESH" failures="0" tests="4" name="api.test.UserTest" time="7.261" errors="0" timestamp="2023-08-10T15:48:14 IST" skipped="0">
  <testcase classname="api.test.UserTest" name="testpostUser" time="4.233"/>
  <testcase classname="api.test.UserTest" name="testgetUser" time="1.030"/>
  <testcase classname="api.test.UserTest" name="testupdateUser" time="0.982"/>
  <testcase classname="api.test.UserTest" name="testdeleteUser" time="1.016"/>
</testsuite> <!-- api.test.UserTest -->
