<?xml version="1.0" encoding="UTF-8"?>
<!-- Generated by org.testng.reporters.JUnitReportReporter -->
<testsuite hostname="UBL-LC-DINESH" failures="0" tests="4" name="api.test.UserTest2" time="4.172" errors="0" timestamp="2023-08-10T15:48:14 IST" skipped="0">
  <testcase classname="api.test.UserTest2" name="testpostUser" time="1.023"/>
  <testcase classname="api.test.UserTest2" name="testgetUser" time="1.064"/>
  <testcase classname="api.test.UserTest2" name="testupdateUser" time="1.041"/>
  <testcase classname="api.test.UserTest2" name="testdeleteUser" time="1.044"/>
</testsuite> <!-- api.test.UserTest2 -->
