<?xml version="1.0" encoding="UTF-8"?>
<!-- Generated by org.testng.reporters.JUnitReportReporter -->
<testsuite hostname="UBL-LC-DINESH" failures="0" tests="4" name="api.test.UserTest" time="12.923" errors="0" timestamp="2023-08-10T20:28:42 IST" skipped="0">
  <testcase classname="api.test.UserTest" name="testpostUser" time="5.522"/>
  <testcase classname="api.test.UserTest" name="testgetUser" time="2.321"/>
  <testcase classname="api.test.UserTest" name="testupdateUser" time="2.847"/>
  <testcase classname="api.test.UserTest" name="testdeleteUser" time="2.233"/>
</testsuite> <!-- api.test.UserTest -->
