<?xml version="1.0" encoding="UTF-8"?>
<!-- Generated by org.testng.reporters.JUnitReportReporter -->
<testsuite hostname="UBL-LC-DINESH" failures="0" tests="6" name="api.test.DDTest" time="6.109" errors="0" timestamp="2023-08-10T15:48:14 IST" skipped="0">
  <testcase classname="api.test.DDTest" name="testPostuser" time="1.011"/>
  <testcase classname="api.test.DDTest" name="testPostuser" time="1.043"/>
  <testcase classname="api.test.DDTest" name="testPostuser" time="1.015"/>
  <testcase classname="api.test.DDTest" name="testDeleteUserByName" time="1.005"/>
  <testcase classname="api.test.DDTest" name="testDeleteUserByName" time="1.008"/>
  <testcase classname="api.test.DDTest" name="testDeleteUserByName" time="1.027"/>
</testsuite> <!-- api.test.DDTest -->
