<?xml version="1.0" encoding="UTF-8"?>
<!-- Generated by org.testng.reporters.JUnitReportReporter -->
<testsuite hostname="UBL-LC-DINESH" failures="0" tests="4" name="api.test.UserTest2" time="9.576" errors="0" timestamp="2023-08-10T20:28:42 IST" skipped="0">
  <testcase classname="api.test.UserTest2" name="testpostUser" time="1.932"/>
  <testcase classname="api.test.UserTest2" name="testgetUser" time="2.650"/>
  <testcase classname="api.test.UserTest2" name="testupdateUser" time="2.257"/>
  <testcase classname="api.test.UserTest2" name="testdeleteUser" time="2.737"/>
</testsuite> <!-- api.test.UserTest2 -->
